2026-04-21T16:00:01.844969 - INFO - Task created name=采集任务_0421_2359 sources=['fofa']
2026-04-22 00:00:02,933 - INFO - Task created job_id=290df293-cba0-411b-9b80-044d3da3acee name=采集任务_0421_2359 sources=['fofa']
2026-04-22 00:00:02,941 - INFO - Task started
2026-04-22 00:00:02,950 - INFO - Source start source=fofa query=app="HIKVISION-视频联网报警平台"
2026-04-22 00:00:02,963 - INFO - [fofa] query=app="HIKVISION-视频联网报警平台" page_size=20 max_pages=1 limit=100
2026-04-22 00:00:09,156 - INFO - [fofa] request page=1
2026-04-22 00:00:09,157 - INFO - [fofa] HTTP GET https://fofa.info/api/v1/search/all?email=2747722593%40qq.com&key=***&qbase64=YXBwPSJISUtWSVNJT04t6KeG6aKR6IGU572R5oql6K2m5bmz5Y%2BwIg%3D%3D&page=1&size=20&full=true&r_type=json&fields=ip%2Cport%2Cprotocol%2Chost%2Cdomain%2Ctitle%2Cserver%2Ccountry%2Ccity%2Cas_organization%2Clink headers={'host': 'fofa.info', 'accept': '*/*', 'accept-encoding': 'gzip, deflate', 'connection': 'keep-alive', 'user-agent': 'python-httpx/0.28.1'}
2026-04-22 00:00:09,348 - INFO - [fofa] HTTP GET https://fofa.info/api/v1/search/all?email=2747722593%40qq.com&key=***&qbase64=YXBwPSJISUtWSVNJT04t6KeG6aKR6IGU572R5oql6K2m5bmz5Y%2BwIg%3D%3D&page=1&size=20&full=true&r_type=json&fields=ip%2Cport%2Cprotocol%2Chost%2Cdomain%2Ctitle%2Cserver%2Ccountry%2Ccity%2Cas_organization%2Clink -> 200 
2026-04-22 00:00:09,351 - ERROR - Collector fofa failed
Traceback (most recent call last):
  File "C:\Users\Administrator\VScode\AssetMap\backend\app\tasks\collect.py", line 1239, in run_collect_task
    assets = run_collector_query(
        collector,
    ...<4 lines>...
        job_logger=job_logger,
    )
  File "C:\Users\Administrator\VScode\AssetMap\backend\app\tasks\collect.py", line 225, in run_collector_query
    return run_coro_in_fresh_loop(collector.run(query_str, payload, config))
  File "C:\Users\Administrator\VScode\AssetMap\backend\app\tasks\collect.py", line 202, in run_coro_in_fresh_loop
    return loop.run_until_complete(coro)
           ~~~~~~~~~~~~~~~~~~~~~~~^^^^^^
  File "C:\Python313\Lib\asyncio\base_events.py", line 725, in run_until_complete
    return future.result()
           ~~~~~~~~~~~~~^^
  File "C:\Users\Administrator\VScode\AssetMap\backend\app\services\collectors\fofa.py", line 114, in run
    self._raise_if_fofa_api_error(resp, data)
    ~~~~~~~~~~~~~~~~~~~~~~~~~~~~~^^^^^^^^^^^^
  File "C:\Users\Administrator\VScode\AssetMap\backend\app\services\collectors\fofa.py", line 46, in _raise_if_fofa_api_error
    raise RuntimeError(errmsg or "FOFA 查询失败")
RuntimeError: [820031] F点余额不足
2026-04-22 00:00:09,379 - INFO - Task finished status=failed success=0 duplicate=0 failed=0 total=0
