2026-04-28 00:47:50,090 - ERROR - Collector fofa failed
Traceback (most recent call last):
  File "C:\Users\Administrator\VScode\AssetMap\backend\app\tasks\collect.py", line 444, in run_collect_task
    stored_count = _store_pending_assets(
        db,
    ...<3 lines>...
        replace_existing=False,
    )
  File "C:\Users\Administrator\VScode\AssetMap\backend\app\tasks\collect.py", line 236, in _store_pending_assets
    db.add(
    ^^^^^^
AttributeError: 'FakeDb' object has no attribute 'add'
2026-04-28 00:47:50,091 - ERROR - Collector hunter failed
Traceback (most recent call last):
  File "C:\Users\Administrator\VScode\AssetMap\backend\app\tasks\collect.py", line 429, in run_collect_task
    assets = run_collector_query(
        collector,
    ...<4 lines>...
        job_logger=job_logger,
    )
  File "C:\Users\Administrator\VScode\AssetMap\backend\app\tasks\collect.py", line 147, in run_collector_query
    return run_coro_in_fresh_loop(collector.run(query_str, payload, config))
  File "C:\Users\Administrator\VScode\AssetMap\backend\app\tasks\collect.py", line 124, in run_coro_in_fresh_loop
    return loop.run_until_complete(coro)
           ~~~~~~~~~~~~~~~~~~~~~~~^^^^^^
  File "C:\Python313\Lib\asyncio\base_events.py", line 725, in run_until_complete
    return future.result()
           ~~~~~~~~~~~~~^^
  File "C:\Users\Administrator\VScode\AssetMap\backend\tests\test_collect_runtime.py", line 278, in run
    raise RuntimeError("upstream failed")
RuntimeError: upstream failed
2026-04-28 00:49:33,461 - ERROR - Collector hunter failed
Traceback (most recent call last):
  File "C:\Users\Administrator\VScode\AssetMap\backend\app\tasks\collect.py", line 429, in run_collect_task
    assets = run_collector_query(
        collector,
    ...<4 lines>...
        job_logger=job_logger,
    )
  File "C:\Users\Administrator\VScode\AssetMap\backend\app\tasks\collect.py", line 147, in run_collector_query
    return run_coro_in_fresh_loop(collector.run(query_str, payload, config))
  File "C:\Users\Administrator\VScode\AssetMap\backend\app\tasks\collect.py", line 124, in run_coro_in_fresh_loop
    return loop.run_until_complete(coro)
           ~~~~~~~~~~~~~~~~~~~~~~~^^^^^^
  File "C:\Python313\Lib\asyncio\base_events.py", line 725, in run_until_complete
    return future.result()
           ~~~~~~~~~~~~~^^
  File "C:\Users\Administrator\VScode\AssetMap\backend\tests\test_collect_runtime.py", line 278, in run
    raise RuntimeError("upstream failed")
RuntimeError: upstream failed
2026-04-28 00:50:17,584 - ERROR - Collector hunter failed
Traceback (most recent call last):
  File "C:\Users\Administrator\VScode\AssetMap\backend\app\tasks\collect.py", line 429, in run_collect_task
    assets = run_collector_query(
        collector,
    ...<4 lines>...
        job_logger=job_logger,
    )
  File "C:\Users\Administrator\VScode\AssetMap\backend\app\tasks\collect.py", line 147, in run_collector_query
    return run_coro_in_fresh_loop(collector.run(query_str, payload, config))
  File "C:\Users\Administrator\VScode\AssetMap\backend\app\tasks\collect.py", line 124, in run_coro_in_fresh_loop
    return loop.run_until_complete(coro)
           ~~~~~~~~~~~~~~~~~~~~~~~^^^^^^
  File "C:\Python313\Lib\asyncio\base_events.py", line 725, in run_until_complete
    return future.result()
           ~~~~~~~~~~~~~^^
  File "C:\Users\Administrator\VScode\AssetMap\backend\tests\test_collect_runtime.py", line 278, in run
    raise RuntimeError("upstream failed")
RuntimeError: upstream failed
2026-04-28 00:51:41,779 - ERROR - Collector hunter failed
Traceback (most recent call last):
  File "C:\Users\Administrator\VScode\AssetMap\backend\app\tasks\collect.py", line 429, in run_collect_task
    assets = run_collector_query(
        collector,
    ...<4 lines>...
        job_logger=job_logger,
    )
  File "C:\Users\Administrator\VScode\AssetMap\backend\app\tasks\collect.py", line 147, in run_collector_query
    return run_coro_in_fresh_loop(collector.run(query_str, payload, config))
  File "C:\Users\Administrator\VScode\AssetMap\backend\app\tasks\collect.py", line 124, in run_coro_in_fresh_loop
    return loop.run_until_complete(coro)
           ~~~~~~~~~~~~~~~~~~~~~~~^^^^^^
  File "C:\Python313\Lib\asyncio\base_events.py", line 725, in run_until_complete
    return future.result()
           ~~~~~~~~~~~~~^^
  File "C:\Users\Administrator\VScode\AssetMap\backend\tests\test_collect_runtime.py", line 278, in run
    raise RuntimeError("upstream failed")
RuntimeError: upstream failed
2026-04-28 00:54:13,164 - ERROR - Collector hunter failed
Traceback (most recent call last):
  File "C:\Users\Administrator\VScode\AssetMap\backend\app\tasks\collect.py", line 429, in run_collect_task
    assets = run_collector_query(
        collector,
    ...<4 lines>...
        job_logger=job_logger,
    )
  File "C:\Users\Administrator\VScode\AssetMap\backend\app\tasks\collect.py", line 147, in run_collector_query
    return run_coro_in_fresh_loop(collector.run(query_str, payload, config))
  File "C:\Users\Administrator\VScode\AssetMap\backend\app\tasks\collect.py", line 124, in run_coro_in_fresh_loop
    return loop.run_until_complete(coro)
           ~~~~~~~~~~~~~~~~~~~~~~~^^^^^^
  File "C:\Python313\Lib\asyncio\base_events.py", line 725, in run_until_complete
    return future.result()
           ~~~~~~~~~~~~~^^
  File "C:\Users\Administrator\VScode\AssetMap\backend\tests\test_collect_runtime.py", line 278, in run
    raise RuntimeError("upstream failed")
RuntimeError: upstream failed
2026-04-28 00:56:02,197 - ERROR - Collector hunter failed
Traceback (most recent call last):
  File "C:\Users\Administrator\VScode\AssetMap\backend\app\tasks\collect.py", line 429, in run_collect_task
    assets = run_collector_query(
        collector,
    ...<4 lines>...
        job_logger=job_logger,
    )
  File "C:\Users\Administrator\VScode\AssetMap\backend\app\tasks\collect.py", line 147, in run_collector_query
    return run_coro_in_fresh_loop(collector.run(query_str, payload, config))
  File "C:\Users\Administrator\VScode\AssetMap\backend\app\tasks\collect.py", line 124, in run_coro_in_fresh_loop
    return loop.run_until_complete(coro)
           ~~~~~~~~~~~~~~~~~~~~~~~^^^^^^
  File "C:\Python313\Lib\asyncio\base_events.py", line 725, in run_until_complete
    return future.result()
           ~~~~~~~~~~~~~^^
  File "C:\Users\Administrator\VScode\AssetMap\backend\tests\test_collect_runtime.py", line 278, in run
    raise RuntimeError("upstream failed")
RuntimeError: upstream failed
2026-04-28 00:57:27,323 - ERROR - Collector hunter failed
Traceback (most recent call last):
  File "C:\Users\Administrator\VScode\AssetMap\backend\app\tasks\collect.py", line 429, in run_collect_task
    assets = run_collector_query(
        collector,
    ...<4 lines>...
        job_logger=job_logger,
    )
  File "C:\Users\Administrator\VScode\AssetMap\backend\app\tasks\collect.py", line 147, in run_collector_query
    return run_coro_in_fresh_loop(collector.run(query_str, payload, config))
  File "C:\Users\Administrator\VScode\AssetMap\backend\app\tasks\collect.py", line 124, in run_coro_in_fresh_loop
    return loop.run_until_complete(coro)
           ~~~~~~~~~~~~~~~~~~~~~~~^^^^^^
  File "C:\Python313\Lib\asyncio\base_events.py", line 725, in run_until_complete
    return future.result()
           ~~~~~~~~~~~~~^^
  File "C:\Users\Administrator\VScode\AssetMap\backend\tests\test_collect_runtime.py", line 278, in run
    raise RuntimeError("upstream failed")
RuntimeError: upstream failed
2026-04-28 00:57:42,496 - ERROR - Collector hunter failed
Traceback (most recent call last):
  File "C:\Users\Administrator\VScode\AssetMap\backend\app\tasks\collect.py", line 429, in run_collect_task
    assets = run_collector_query(
        collector,
    ...<4 lines>...
        job_logger=job_logger,
    )
  File "C:\Users\Administrator\VScode\AssetMap\backend\app\tasks\collect.py", line 147, in run_collector_query
    return run_coro_in_fresh_loop(collector.run(query_str, payload, config))
  File "C:\Users\Administrator\VScode\AssetMap\backend\app\tasks\collect.py", line 124, in run_coro_in_fresh_loop
    return loop.run_until_complete(coro)
           ~~~~~~~~~~~~~~~~~~~~~~~^^^^^^
  File "C:\Python313\Lib\asyncio\base_events.py", line 725, in run_until_complete
    return future.result()
           ~~~~~~~~~~~~~^^
  File "C:\Users\Administrator\VScode\AssetMap\backend\tests\test_collect_runtime.py", line 278, in run
    raise RuntimeError("upstream failed")
RuntimeError: upstream failed
2026-04-28 01:02:59,761 - ERROR - Collector hunter failed
Traceback (most recent call last):
  File "C:\Users\Administrator\VScode\AssetMap\backend\app\tasks\collect.py", line 429, in run_collect_task
    assets = run_collector_query(
        collector,
    ...<4 lines>...
        job_logger=job_logger,
    )
  File "C:\Users\Administrator\VScode\AssetMap\backend\app\tasks\collect.py", line 147, in run_collector_query
    return run_coro_in_fresh_loop(collector.run(query_str, payload, config))
  File "C:\Users\Administrator\VScode\AssetMap\backend\app\tasks\collect.py", line 124, in run_coro_in_fresh_loop
    return loop.run_until_complete(coro)
           ~~~~~~~~~~~~~~~~~~~~~~~^^^^^^
  File "C:\Python313\Lib\asyncio\base_events.py", line 725, in run_until_complete
    return future.result()
           ~~~~~~~~~~~~~^^
  File "C:\Users\Administrator\VScode\AssetMap\backend\tests\test_collect_runtime.py", line 278, in run
    raise RuntimeError("upstream failed")
RuntimeError: upstream failed
2026-04-28 01:03:00,052 - ERROR - Collector hunter failed
Traceback (most recent call last):
  File "C:\Users\Administrator\VScode\AssetMap\backend\app\tasks\collect.py", line 429, in run_collect_task
    assets = run_collector_query(
        collector,
    ...<4 lines>...
        job_logger=job_logger,
    )
  File "C:\Users\Administrator\VScode\AssetMap\backend\app\tasks\collect.py", line 147, in run_collector_query
    return run_coro_in_fresh_loop(collector.run(query_str, payload, config))
  File "C:\Users\Administrator\VScode\AssetMap\backend\app\tasks\collect.py", line 124, in run_coro_in_fresh_loop
    return loop.run_until_complete(coro)
           ~~~~~~~~~~~~~~~~~~~~~~~^^^^^^
  File "C:\Python313\Lib\asyncio\base_events.py", line 725, in run_until_complete
    return future.result()
           ~~~~~~~~~~~~~^^
  File "C:\Users\Administrator\VScode\AssetMap\backend\tests\test_collect_runtime.py", line 278, in run
    raise RuntimeError("upstream failed")
RuntimeError: upstream failed
2026-05-03 00:14:16,963 - ERROR - Collector hunter failed
Traceback (most recent call last):
  File "C:\Users\Administrator\VScode\AssetMap\backend\app\tasks\collect.py", line 429, in run_collect_task
    assets = run_collector_query(
        collector,
    ...<4 lines>...
        job_logger=job_logger,
    )
  File "C:\Users\Administrator\VScode\AssetMap\backend\app\tasks\collect.py", line 147, in run_collector_query
    return run_coro_in_fresh_loop(collector.run(query_str, payload, config))
  File "C:\Users\Administrator\VScode\AssetMap\backend\app\tasks\collect.py", line 124, in run_coro_in_fresh_loop
    return loop.run_until_complete(coro)
           ~~~~~~~~~~~~~~~~~~~~~~~^^^^^^
  File "C:\Python313\Lib\asyncio\base_events.py", line 725, in run_until_complete
    return future.result()
           ~~~~~~~~~~~~~^^
  File "C:\Users\Administrator\VScode\AssetMap\backend\tests\test_collect_runtime.py", line 278, in run
    raise RuntimeError("upstream failed")
RuntimeError: upstream failed
2026-05-03 00:29:18,524 - ERROR - Collector hunter failed
Traceback (most recent call last):
  File "C:\Users\Administrator\VScode\AssetMap\backend\app\tasks\collect.py", line 429, in run_collect_task
    assets = run_collector_query(
        collector,
    ...<4 lines>...
        job_logger=job_logger,
    )
  File "C:\Users\Administrator\VScode\AssetMap\backend\app\tasks\collect.py", line 147, in run_collector_query
    return run_coro_in_fresh_loop(collector.run(query_str, payload, config))
  File "C:\Users\Administrator\VScode\AssetMap\backend\app\tasks\collect.py", line 124, in run_coro_in_fresh_loop
    return loop.run_until_complete(coro)
           ~~~~~~~~~~~~~~~~~~~~~~~^^^^^^
  File "C:\Python313\Lib\asyncio\base_events.py", line 725, in run_until_complete
    return future.result()
           ~~~~~~~~~~~~~^^
  File "C:\Users\Administrator\VScode\AssetMap\backend\tests\test_collect_runtime.py", line 278, in run
    raise RuntimeError("upstream failed")
RuntimeError: upstream failed
2026-05-03 00:30:38,109 - ERROR - Collector hunter failed
Traceback (most recent call last):
  File "C:\Users\Administrator\VScode\AssetMap\backend\app\tasks\collect.py", line 429, in run_collect_task
    assets = run_collector_query(
        collector,
    ...<4 lines>...
        job_logger=job_logger,
    )
  File "C:\Users\Administrator\VScode\AssetMap\backend\app\tasks\collect.py", line 147, in run_collector_query
    return run_coro_in_fresh_loop(collector.run(query_str, payload, config))
  File "C:\Users\Administrator\VScode\AssetMap\backend\app\tasks\collect.py", line 124, in run_coro_in_fresh_loop
    return loop.run_until_complete(coro)
           ~~~~~~~~~~~~~~~~~~~~~~~^^^^^^
  File "C:\Python313\Lib\asyncio\base_events.py", line 725, in run_until_complete
    return future.result()
           ~~~~~~~~~~~~~^^
  File "C:\Users\Administrator\VScode\AssetMap\backend\tests\test_collect_runtime.py", line 278, in run
    raise RuntimeError("upstream failed")
RuntimeError: upstream failed
2026-05-03 00:31:43,911 - ERROR - Collector hunter failed
Traceback (most recent call last):
  File "C:\Users\Administrator\VScode\AssetMap\backend\app\tasks\collect.py", line 429, in run_collect_task
    assets = run_collector_query(
        collector,
    ...<4 lines>...
        job_logger=job_logger,
    )
  File "C:\Users\Administrator\VScode\AssetMap\backend\app\tasks\collect.py", line 147, in run_collector_query
    return run_coro_in_fresh_loop(collector.run(query_str, payload, config))
  File "C:\Users\Administrator\VScode\AssetMap\backend\app\tasks\collect.py", line 124, in run_coro_in_fresh_loop
    return loop.run_until_complete(coro)
           ~~~~~~~~~~~~~~~~~~~~~~~^^^^^^
  File "C:\Python313\Lib\asyncio\base_events.py", line 725, in run_until_complete
    return future.result()
           ~~~~~~~~~~~~~^^
  File "C:\Users\Administrator\VScode\AssetMap\backend\tests\test_collect_runtime.py", line 278, in run
    raise RuntimeError("upstream failed")
RuntimeError: upstream failed
2026-05-03 00:37:32,232 - ERROR - Collector hunter failed
Traceback (most recent call last):
  File "C:\Users\Administrator\VScode\AssetMap\backend\app\tasks\collect.py", line 429, in run_collect_task
    assets = run_collector_query(
        collector,
    ...<4 lines>...
        job_logger=job_logger,
    )
  File "C:\Users\Administrator\VScode\AssetMap\backend\app\tasks\collect.py", line 147, in run_collector_query
    return run_coro_in_fresh_loop(collector.run(query_str, payload, config))
  File "C:\Users\Administrator\VScode\AssetMap\backend\app\tasks\collect.py", line 124, in run_coro_in_fresh_loop
    return loop.run_until_complete(coro)
           ~~~~~~~~~~~~~~~~~~~~~~~^^^^^^
  File "C:\Python313\Lib\asyncio\base_events.py", line 725, in run_until_complete
    return future.result()
           ~~~~~~~~~~~~~^^
  File "C:\Users\Administrator\VScode\AssetMap\backend\tests\test_collect_runtime.py", line 278, in run
    raise RuntimeError("upstream failed")
RuntimeError: upstream failed
